{"/Users/chenguanshou/CODE/webpack_react_typescript_practice/src/feature/filiters/filtersSlice.ts": {"path":"/Users/chenguanshou/CODE/webpack_react_typescript_practice/src/feature/filiters/filtersSlice.ts","statementMap":{"0":{"start":{"line":1,"column":0},"end":{"line":1,"column":46}},"1":{"start":{"line":8,"column":13},"end":{"line":12,"column":null}},"2":{"start":{"line":14,"column":21},"end":{"line":16,"column":null}},"3":{"start":{"line":18,"column":21},"end":{"line":26,"column":2}},"4":{"start":{"line":23,"column":6},"end":{"line":23,"column":null}},"5":{"start":{"line":28,"column":14},"end":{"line":28,"column":null}},"6":{"start":{"line":29,"column":0},"end":{"line":29,"column":null}}},"fnMap":{"0":{"name":"(anonymous_0)","decl":{"start":{"line":22,"column":23},"end":{"line":22,"column":24}},"loc":{"start":{"line":22,"column":43},"end":{"line":24,"column":5}}}},"branchMap":{},"s":{"0":1,"1":1,"2":1,"3":1,"4":2,"5":1,"6":1},"f":{"0":2},"b":{}}
,"/Users/chenguanshou/CODE/webpack_react_typescript_practice/src/feature/todos/todoSlice.ts": {"path":"/Users/chenguanshou/CODE/webpack_react_typescript_practice/src/feature/todos/todoSlice.ts","statementMap":{"0":{"start":{"line":1,"column":0},"end":{"line":1,"column":null}},"1":{"start":{"line":9,"column":0},"end":{"line":9,"column":57}},"2":{"start":{"line":10,"column":0},"end":{"line":10,"column":41}},"3":{"start":{"line":11,"column":0},"end":{"line":11,"column":95}},"4":{"start":{"line":19,"column":21},"end":{"line":19,"column":42}},"5":{"start":{"line":20,"column":21},"end":{"line":22,"column":2}},"6":{"start":{"line":23,"column":26},"end":{"line":25,"column":2}},"7":{"start":{"line":24,"column":23},"end":{"line":24,"column":null}},"8":{"start":{"line":26,"column":13},"end":{"line":34,"column":3}},"9":{"start":{"line":26,"column":63},"end":{"line":34,"column":2}},"10":{"start":{"line":27,"column":16},"end":{"line":31,"column":null}},"11":{"start":{"line":29,"column":6},"end":{"line":29,"column":57}},"12":{"start":{"line":29,"column":45},"end":{"line":29,"column":56}},"13":{"start":{"line":27,"column":8},"end":{"line":31,"column":null}},"14":{"start":{"line":32,"column":2},"end":{"line":32,"column":73}},"15":{"start":{"line":32,"column":25},"end":{"line":32,"column":72}},"16":{"start":{"line":33,"column":2},"end":{"line":33,"column":15}},"17":{"start":{"line":36,"column":13},"end":{"line":40,"column":null}},"18":{"start":{"line":36,"column":80},"end":{"line":40,"column":2}},"19":{"start":{"line":38,"column":2},"end":{"line":38,"column":null}},"20":{"start":{"line":39,"column":2},"end":{"line":39,"column":null}},"21":{"start":{"line":42,"column":13},"end":{"line":49,"column":null}},"22":{"start":{"line":42,"column":80},"end":{"line":49,"column":2}},"23":{"start":{"line":44,"column":22},"end":{"line":44,"column":null}},"24":{"start":{"line":44,"column":8},"end":{"line":44,"column":null}},"25":{"start":{"line":45,"column":2},"end":{"line":47,"column":5}},"26":{"start":{"line":48,"column":2},"end":{"line":48,"column":null}},"27":{"start":{"line":50,"column":13},"end":{"line":54,"column":null}},"28":{"start":{"line":50,"column":82},"end":{"line":54,"column":2}},"29":{"start":{"line":52,"column":2},"end":{"line":52,"column":54}},"30":{"start":{"line":53,"column":2},"end":{"line":53,"column":null}},"31":{"start":{"line":56,"column":19},"end":{"line":91,"column":2}},"32":{"start":{"line":63,"column":4},"end":{"line":88,"column":null}},"33":{"start":{"line":65,"column":8},"end":{"line":65,"column":33}},"34":{"start":{"line":68,"column":8},"end":{"line":68,"column":null}},"35":{"start":{"line":69,"column":8},"end":{"line":69,"column":30}},"36":{"start":{"line":72,"column":8},"end":{"line":72,"column":33}},"37":{"start":{"line":75,"column":8},"end":{"line":75,"column":null}},"38":{"start":{"line":76,"column":8},"end":{"line":76,"column":30}},"39":{"start":{"line":79,"column":8},"end":{"line":79,"column":33}},"40":{"start":{"line":82,"column":24},"end":{"line":82,"column":54}},"41":{"start":{"line":83,"column":8},"end":{"line":83,"column":39}},"42":{"start":{"line":84,"column":8},"end":{"line":84,"column":30}},"43":{"start":{"line":87,"column":8},"end":{"line":87,"column":null}},"44":{"start":{"line":93,"column":0},"end":{"line":93,"column":34}},"45":{"start":{"line":94,"column":13},"end":{"line":114,"column":2}},"46":{"start":{"line":96,"column":23},"end":{"line":96,"column":null}},"47":{"start":{"line":97,"column":23},"end":{"line":97,"column":null}},"48":{"start":{"line":99,"column":31},"end":{"line":99,"column":67}},"49":{"start":{"line":100,"column":4},"end":{"line":112,"column":null}},"50":{"start":{"line":101,"column":6},"end":{"line":104,"column":9}},"51":{"start":{"line":102,"column":28},"end":{"line":102,"column":51}},"52":{"start":{"line":103,"column":8},"end":{"line":103,"column":null}},"53":{"start":{"line":106,"column":30},"end":{"line":106,"column":72}},"54":{"start":{"line":107,"column":6},"end":{"line":111,"column":9}},"55":{"start":{"line":108,"column":29},"end":{"line":108,"column":62}},"56":{"start":{"line":109,"column":28},"end":{"line":109,"column":51}},"57":{"start":{"line":110,"column":8},"end":{"line":110,"column":44}},"58":{"start":{"line":116,"column":13},"end":{"line":121,"column":2}},"59":{"start":{"line":120,"column":19},"end":{"line":120,"column":null}},"60":{"start":{"line":120,"column":49},"end":{"line":120,"column":57}}},"fnMap":{"0":{"name":"(anonymous_13)","decl":{"start":{"line":24,"column":2},"end":{"line":24,"column":3}},"loc":{"start":{"line":24,"column":18},"end":{"line":24,"column":28}}},"1":{"name":"(anonymous_14)","decl":{"start":{"line":26,"column":63},"end":{"line":26,"column":null}},"loc":{"start":{"line":26,"column":63},"end":{"line":34,"column":2}}},"2":{"name":"(anonymous_17)","decl":{"start":{"line":28,"column":4},"end":{"line":28,"column":5}},"loc":{"start":{"line":28,"column":18},"end":{"line":30,"column":5}}},"3":{"name":"(anonymous_18)","decl":{"start":{"line":29,"column":36},"end":{"line":29,"column":37}},"loc":{"start":{"line":29,"column":40},"end":{"line":29,"column":48}}},"4":{"name":"(anonymous_19)","decl":{"start":{"line":32,"column":13},"end":{"line":32,"column":14}},"loc":{"start":{"line":32,"column":20},"end":{"line":32,"column":26}}},"5":{"name":"(anonymous_20)","decl":{"start":{"line":36,"column":64},"end":{"line":36,"column":71}},"loc":{"start":{"line":36,"column":80},"end":{"line":40,"column":2}}},"6":{"name":"(anonymous_21)","decl":{"start":{"line":36,"column":80},"end":{"line":36,"column":null}},"loc":{"start":{"line":36,"column":80},"end":{"line":40,"column":2}}},"7":{"name":"(anonymous_23)","decl":{"start":{"line":42,"column":64},"end":{"line":42,"column":71}},"loc":{"start":{"line":42,"column":80},"end":{"line":49,"column":2}}},"8":{"name":"(anonymous_24)","decl":{"start":{"line":42,"column":80},"end":{"line":42,"column":null}},"loc":{"start":{"line":42,"column":80},"end":{"line":49,"column":2}}},"9":{"name":"(anonymous_26)","decl":{"start":{"line":50,"column":66},"end":{"line":50,"column":73}},"loc":{"start":{"line":50,"column":82},"end":{"line":54,"column":2}}},"10":{"name":"(anonymous_27)","decl":{"start":{"line":50,"column":82},"end":{"line":50,"column":null}},"loc":{"start":{"line":50,"column":82},"end":{"line":54,"column":2}}},"11":{"name":"(anonymous_29)","decl":{"start":{"line":62,"column":17},"end":{"line":62,"column":18}},"loc":{"start":{"line":62,"column":25},"end":{"line":90,"column":3}}},"12":{"name":"(anonymous_30)","decl":{"start":{"line":64,"column":35},"end":{"line":64,"column":36}},"loc":{"start":{"line":64,"column":49},"end":{"line":66,"column":7}}},"13":{"name":"(anonymous_31)","decl":{"start":{"line":67,"column":37},"end":{"line":67,"column":38}},"loc":{"start":{"line":67,"column":51},"end":{"line":70,"column":7}}},"14":{"name":"(anonymous_32)","decl":{"start":{"line":71,"column":36},"end":{"line":71,"column":37}},"loc":{"start":{"line":71,"column":50},"end":{"line":73,"column":7}}},"15":{"name":"(anonymous_33)","decl":{"start":{"line":74,"column":38},"end":{"line":74,"column":39}},"loc":{"start":{"line":74,"column":52},"end":{"line":77,"column":7}}},"16":{"name":"(anonymous_34)","decl":{"start":{"line":78,"column":39},"end":{"line":78,"column":40}},"loc":{"start":{"line":78,"column":53},"end":{"line":80,"column":7}}},"17":{"name":"(anonymous_35)","decl":{"start":{"line":81,"column":41},"end":{"line":81,"column":42}},"loc":{"start":{"line":81,"column":77},"end":{"line":85,"column":7}}},"18":{"name":"(anonymous_36)","decl":{"start":{"line":86,"column":39},"end":{"line":86,"column":40}},"loc":{"start":{"line":86,"column":53},"end":{"line":88,"column":7}}},"19":{"name":"(anonymous_37)","decl":{"start":{"line":96,"column":2},"end":{"line":96,"column":3}},"loc":{"start":{"line":96,"column":18},"end":{"line":96,"column":28}}},"20":{"name":"(anonymous_38)","decl":{"start":{"line":97,"column":2},"end":{"line":97,"column":3}},"loc":{"start":{"line":97,"column":18},"end":{"line":97,"column":28}}},"21":{"name":"(anonymous_39)","decl":{"start":{"line":98,"column":2},"end":{"line":98,"column":3}},"loc":{"start":{"line":98,"column":22},"end":{"line":113,"column":3}}},"22":{"name":"(anonymous_40)","decl":{"start":{"line":101,"column":26},"end":{"line":101,"column":27}},"loc":{"start":{"line":101,"column":35},"end":{"line":104,"column":7}}},"23":{"name":"(anonymous_41)","decl":{"start":{"line":107,"column":26},"end":{"line":107,"column":27}},"loc":{"start":{"line":107,"column":35},"end":{"line":111,"column":7}}},"24":{"name":"(anonymous_42)","decl":{"start":{"line":120,"column":2},"end":{"line":120,"column":3}},"loc":{"start":{"line":120,"column":14},"end":{"line":120,"column":30}}},"25":{"name":"(anonymous_43)","decl":{"start":{"line":120,"column":35},"end":{"line":120,"column":36}},"loc":{"start":{"line":120,"column":44},"end":{"line":120,"column":53}}}},"branchMap":{"0":{"loc":{"start":{"line":27,"column":16},"end":{"line":31,"column":null}},"type":"switch","locations":[{"start":{"line":27,"column":16},"end":{"line":31,"column":null}}]},"1":{"loc":{"start":{"line":32,"column":25},"end":{"line":32,"column":71}},"type":"cond-expr","locations":[{"start":{"line":32,"column":43},"end":{"line":32,"column":45}},{"start":{"line":32,"column":48},"end":{"line":32,"column":71}}]},"2":{"loc":{"start":{"line":32,"column":48},"end":{"line":32,"column":71}},"type":"cond-expr","locations":[{"start":{"line":32,"column":66},"end":{"line":32,"column":67}},{"start":{"line":32,"column":70},"end":{"line":32,"column":71}}]},"3":{"loc":{"start":{"line":38,"column":2},"end":{"line":38,"column":null}},"type":"switch","locations":[{"start":{"line":38,"column":2},"end":{"line":38,"column":null}}]},"4":{"loc":{"start":{"line":44,"column":22},"end":{"line":44,"column":null}},"type":"switch","locations":[{"start":{"line":44,"column":22},"end":{"line":44,"column":null}}]},"5":{"loc":{"start":{"line":52,"column":2},"end":{"line":52,"column":54}},"type":"switch","locations":[{"start":{"line":52,"column":2},"end":{"line":52,"column":54}}]},"6":{"loc":{"start":{"line":100,"column":4},"end":{"line":112,"column":null}},"type":"if","locations":[{"start":{"line":100,"column":4},"end":{"line":112,"column":null}},{"start":{"line":105,"column":11},"end":{"line":112,"column":null}}]},"7":{"loc":{"start":{"line":110,"column":15},"end":{"line":110,"column":43}},"type":"binary-expr","locations":[{"start":{"line":110,"column":15},"end":{"line":110,"column":28}},{"start":{"line":110,"column":32},"end":{"line":110,"column":43}}]}},"s":{"0":1,"1":1,"2":1,"3":1,"4":1,"5":1,"6":1,"7":0,"8":1,"9":0,"10":0,"11":0,"12":0,"13":0,"14":0,"15":0,"16":0,"17":1,"18":0,"19":0,"20":0,"21":1,"22":0,"23":0,"24":0,"25":0,"26":0,"27":1,"28":0,"29":0,"30":0,"31":1,"32":1,"33":0,"34":0,"35":0,"36":0,"37":0,"38":0,"39":0,"40":0,"41":0,"42":0,"43":0,"44":1,"45":1,"46":0,"47":0,"48":0,"49":0,"50":0,"51":0,"52":0,"53":0,"54":0,"55":0,"56":0,"57":0,"58":1,"59":0,"60":0},"f":{"0":0,"1":0,"2":0,"3":0,"4":0,"5":0,"6":0,"7":0,"8":0,"9":0,"10":0,"11":1,"12":0,"13":0,"14":0,"15":0,"16":0,"17":0,"18":0,"19":0,"20":0,"21":0,"22":0,"23":0,"24":0,"25":0},"b":{"0":[0],"1":[0,0],"2":[0,0],"3":[0],"4":[0],"5":[0],"6":[0,0],"7":[0,0]}}
,"/Users/chenguanshou/CODE/webpack_react_typescript_practice/src/feature/user/userSlice.ts": {"path":"/Users/chenguanshou/CODE/webpack_react_typescript_practice/src/feature/user/userSlice.ts","statementMap":{"0":{"start":{"line":1,"column":0},"end":{"line":1,"column":60}},"1":{"start":{"line":3,"column":21},"end":{"line":5,"column":null}},"2":{"start":{"line":6,"column":18},"end":{"line":17,"column":2}},"3":{"start":{"line":11,"column":6},"end":{"line":11,"column":null}},"4":{"start":{"line":14,"column":6},"end":{"line":14,"column":null}},"5":{"start":{"line":19,"column":14},"end":{"line":19,"column":39}},"6":{"start":{"line":20,"column":0},"end":{"line":20,"column":null}}},"fnMap":{"0":{"name":"(anonymous_0)","decl":{"start":{"line":10,"column":14},"end":{"line":10,"column":15}},"loc":{"start":{"line":10,"column":49},"end":{"line":12,"column":5}}},"1":{"name":"(anonymous_1)","decl":{"start":{"line":13,"column":14},"end":{"line":13,"column":15}},"loc":{"start":{"line":13,"column":27},"end":{"line":15,"column":5}}}},"branchMap":{},"s":{"0":1,"1":1,"2":1,"3":1,"4":1,"5":1,"6":1},"f":{"0":1,"1":1},"b":{}}
,"/Users/chenguanshou/CODE/webpack_react_typescript_practice/src/lib/firestore.ts": {"path":"/Users/chenguanshou/CODE/webpack_react_typescript_practice/src/lib/firestore.ts","statementMap":{"0":{"start":{"line":1,"column":0},"end":{"line":1,"column":45}},"1":{"start":{"line":2,"column":0},"end":{"line":2,"column":50}},"2":{"start":{"line":6,"column":23},"end":{"line":14,"column":4}},"3":{"start":{"line":17,"column":12},"end":{"line":17,"column":41}},"4":{"start":{"line":21,"column":11},"end":{"line":21,"column":28}},"5":{"start":{"line":23,"column":8},"end":{"line":23,"column":10}}},"fnMap":{},"branchMap":{},"s":{"0":1,"1":1,"2":1,"3":1,"4":1,"5":1},"f":{},"b":{}}
}
