TN:
SF:src/feature/filiters/filtersSlice.ts
FN:22,(anonymous_0)
FNF:1
FNH:1
FNDA:2,(anonymous_0)
DA:1,1
DA:8,1
DA:14,1
DA:18,1
DA:23,2
DA:28,1
DA:29,1
LF:7
LH:7
BRF:0
BRH:0
end_of_record
TN:
SF:src/feature/todos/todoSlice.ts
FN:24,(anonymous_13)
FN:26,(anonymous_14)
FN:28,(anonymous_17)
FN:29,(anonymous_18)
FN:32,(anonymous_19)
FN:36,(anonymous_20)
FN:36,(anonymous_21)
FN:42,(anonymous_23)
FN:42,(anonymous_24)
FN:50,(anonymous_26)
FN:50,(anonymous_27)
FN:62,(anonymous_29)
FN:64,(anonymous_30)
FN:67,(anonymous_31)
FN:71,(anonymous_32)
FN:74,(anonymous_33)
FN:78,(anonymous_34)
FN:81,(anonymous_35)
FN:86,(anonymous_36)
FN:96,(anonymous_37)
FN:97,(anonymous_38)
FN:98,(anonymous_39)
FN:101,(anonymous_40)
FN:107,(anonymous_41)
FN:120,(anonymous_42)
FN:120,(anonymous_43)
FNF:26
FNH:1
FNDA:0,(anonymous_13)
FNDA:0,(anonymous_14)
FNDA:0,(anonymous_17)
FNDA:0,(anonymous_18)
FNDA:0,(anonymous_19)
FNDA:0,(anonymous_20)
FNDA:0,(anonymous_21)
FNDA:0,(anonymous_23)
FNDA:0,(anonymous_24)
FNDA:0,(anonymous_26)
FNDA:0,(anonymous_27)
FNDA:1,(anonymous_29)
FNDA:0,(anonymous_30)
FNDA:0,(anonymous_31)
FNDA:0,(anonymous_32)
FNDA:0,(anonymous_33)
FNDA:0,(anonymous_34)
FNDA:0,(anonymous_35)
FNDA:0,(anonymous_36)
FNDA:0,(anonymous_37)
FNDA:0,(anonymous_38)
FNDA:0,(anonymous_39)
FNDA:0,(anonymous_40)
FNDA:0,(anonymous_41)
FNDA:0,(anonymous_42)
FNDA:0,(anonymous_43)
DA:1,1
DA:9,1
DA:10,1
DA:11,1
DA:19,1
DA:20,1
DA:23,1
DA:24,0
DA:26,1
DA:27,0
DA:29,0
DA:32,0
DA:33,0
DA:36,1
DA:38,0
DA:39,0
DA:42,1
DA:44,0
DA:45,0
DA:48,0
DA:50,1
DA:52,0
DA:53,0
DA:56,1
DA:63,1
DA:65,0
DA:68,0
DA:69,0
DA:72,0
DA:75,0
DA:76,0
DA:79,0
DA:82,0
DA:83,0
DA:84,0
DA:87,0
DA:93,1
DA:94,1
DA:96,0
DA:97,0
DA:99,0
DA:100,0
DA:101,0
DA:102,0
DA:103,0
DA:106,0
DA:107,0
DA:108,0
DA:109,0
DA:110,0
DA:116,1
DA:120,0
LF:52
LH:16
BRDA:27,0,0,0
BRDA:32,1,0,0
BRDA:32,1,1,0
BRDA:32,2,0,0
BRDA:32,2,1,0
BRDA:38,3,0,0
BRDA:44,4,0,0
BRDA:52,5,0,0
BRDA:100,6,0,0
BRDA:100,6,1,0
BRDA:110,7,0,0
BRDA:110,7,1,0
BRF:12
BRH:0
end_of_record
TN:
SF:src/feature/user/userSlice.ts
FN:10,(anonymous_0)
FN:13,(anonymous_1)
FNF:2
FNH:2
FNDA:1,(anonymous_0)
FNDA:1,(anonymous_1)
DA:1,1
DA:3,1
DA:6,1
DA:11,1
DA:14,1
DA:19,1
DA:20,1
LF:7
LH:7
BRF:0
BRH:0
end_of_record
TN:
SF:src/lib/firestore.ts
FNF:0
FNH:0
DA:1,1
DA:2,1
DA:6,1
DA:17,1
DA:21,1
DA:23,1
LF:6
LH:6
BRF:0
BRH:0
end_of_record
